


ARM Macro Assembler    Page 1 


    1 00000000 400FE608 
                       SYS_RCGCGPIO_PORT
                               EQU              0x400FE608
    2 00000000 40064400 
                       GPIODIR_PORTN
                               EQU              0x40064400
    3 00000000 4006451C 
                       GPIODEN_PORTN
                               EQU              0x4006451C
    4 00000000         
    5 00000000 400643FC 
                       GPIODATA_PORTN
                               EQU              0x400643FC  ;shift 2 bit left ;
                                                            3FC all opened
    6 00000000         
    7 00000000 40060510 
                       GPIOPUR_PORTJ
                               EQU              0x40060510
    8 00000000 40060520 
                       GPIOLOCK_PORTJ
                               EQU              0x40060520
    9 00000000 40060524 
                       GPIOCR_PORTJ
                               EQU              0x40060524
   10 00000000         
   11 00000000 4C4F434B 
                       GPIO_LOCK_KEY
                               EQU              0x4C4F434B
   12 00000000         
   13 00000000 00000002 
                       LED0    EQU              0x02
   14 00000000 00000001 
                       LED1    EQU              0x01
   15 00000000 001046AA 
                       SEC_DIV_FIVE
                               EQU              1066666     ; 1sec/5
   16 00000000         
   17 00000000 40060400 
                       GPIODIR_PORTJ
                               EQU              0x40060400
   18 00000000 4006051C 
                       GPIODEN_PORTJ
                               EQU              0x4006051C
   19 00000000 400603FC 
                       GPIODATA_PORTJ
                               EQU              0x400603FC  ;base address 
   20 00000000         
   21 00000000         
   22 00000000                 AREA             |.text|, CODE, READONLY, ALIGN=
4
   23 00000000                 THUMB
   24 00000000                 EXPORT           __main
   25 00000000         
   26 00000000         __main
   27 00000000 F000 F81A       BL               GPIO_Init
   28 00000004         
   29 00000004         Loop
   30 00000004 481F            ldr              R0, =SEC_DIV_FIVE
   31 00000006 F000 F814       BL               Delay



ARM Macro Assembler    Page 2 


   32 0000000A F000 F80D       BL               Input
   33 0000000E 2803            cmp              R0 , #0x03
   34 00000010 D002            BEQ              Switch_On
   35 00000012 F000 F806       BL               Output
   36 00000016 E7F5            B                Loop
   37 00000018         
   38 00000018         Switch_On
   39 00000018 F04F 0001       mov              R0, #LED1
   40 0000001C F000 F801       BL               Output
   41 00000020 E7F0            B                Loop
   42 00000022         
   43 00000022         Output
   44 00000022 4919            ldr              R1, =GPIODATA_PORTN
   45 00000024 6008            str              R0, [R1]
   46 00000026 4770            BX               LR
   47 00000028         
   48 00000028         Input
   49 00000028 4918            ldr              R1, =GPIODATA_PORTJ
   50 0000002A 6808            ldr              R0, [R1]
   51 0000002C F000 0001       and              R0, R0, #0x01 ;0000 0001 0. bit
                                                             pressed ; 0. ve 1.
                                                             bit icin 0x03
   52 00000030 4770            BX               LR
   53 00000032         
   54 00000032         Delay
   55 00000032 1E40            subs             R0, R0, #1
   56 00000034 D1FD            BNE              Delay
   57 00000036 4770            BX               LR
   58 00000038         
   59 00000038         GPIO_Init
   60 00000038 4915            ldr              R1, =SYS_RCGCGPIO_PORT
   61 0000003A 6808            ldr              R0, [R1]
   62 0000003C F440 5088       orr              R0, R0, #0x1100 ;0001 0001 0000
                                                             0000 12. bit N por
                                                            tu 8. bit J portu
   63 00000040 6008            str              R0, [R1]
   64 00000042         
   65 00000042 4914            ldr              R1, =GPIOPUR_PORTJ
   66 00000044 6808            ldr              R0, [R1]
   67 00000046 F040 0001       orr              R0, R0, #0x01 ; 0000 0001 0. bi
                                                            t pull-up enable ; 
                                                            0. ve 1. bit icin 0
                                                            x03
   68 0000004A 6008            str              R0, [R1]
   69 0000004C         
   70 0000004C 4912            ldr              R1, =GPIOLOCK_PORTJ ;lock 
   71 0000004E 4813            ldr              R0, =GPIO_LOCK_KEY
   72 00000050 6008            str              R0, [R1]
   73 00000052         
   74 00000052 4913            ldr              R1, =GPIOCR_PORTJ ;commit
   75 00000054 F04F 00FF       mov              R0, #0xFF
   76 00000058 6008            str              R0, [R1]
   77 0000005A         
   78 0000005A 4912            ldr              R1, =GPIODIR_PORTN
   79 0000005C 6808            ldr              R0, [R1]
   80 0000005E F040 0003       orr              R0, R0, #0x03 ; 0000 0011 0. ve
                                                             1. bit output
   81 00000062 6008            str              R0, [R1]
   82 00000064         



ARM Macro Assembler    Page 3 


   83 00000064 4910            ldr              R1, =GPIODIR_PORTJ
   84 00000066 6808            ldr              R0, [R1]
   85 00000068 F000 00FE       and              R0, R0, #0xFE ; 1111 1110 0. bi
                                                            t input  ; 0. ve 1.
                                                             bit icin 0xFC
   86 0000006C 6008            str              R0, [R1]
   87 0000006E         
   88 0000006E 490F            ldr              R1, =GPIODEN_PORTN
   89 00000070 6808            ldr              R0, [R1]
   90 00000072 F040 0003       orr              R0, R0, #0x03 ; 0000 0011 0. ve
                                                             1. bit dig_en
   91 00000076 6008            str              R0, [R1]
   92 00000078         
   93 00000078 490D            ldr              R1, =GPIODEN_PORTJ
   94 0000007A 6808            ldr              R0, [R1]
   95 0000007C F040 0001       orr              R0, R0, #0x01 ; 0000 0001 0. bi
                                                            t dig_en ; 0. ve 1.
                                                             bit icin 0x03
   96 00000080 6008            str              R0, [R1]
   97 00000082         
   98 00000082         
   99 00000082 4770            BX               LR
  100 00000084         
  101 00000084                 ALIGN
  102 00000084                 END
              001046AA 
              400643FC 
              400603FC 
              400FE608 
              40060510 
              40060520 
              4C4F434B 
              40060524 
              40064400 
              40060400 
              4006451C 
              4006051C 
Command Line: --debug --xref --diag_suppress=9931 --cpu=Cortex-M4.fp.sp --apcs=
interwork --depend=.\objects\main.d -o.\objects\main.o -I.\RTE\_TM4C1294 -IC:\U
sers\mustafa\AppData\Local\Arm\Packs\ARM\CMSIS\5.7.0\CMSIS\Core\Include -IC:\Us
ers\mustafa\AppData\Local\Arm\Packs\Keil\TM4C_DFP\1.1.0\Device\Include\TM4C129 
--predefine="__EVAL SETA 1" --predefine="__UVISION_VERSION SETA 529" --predefin
e="_RTE_ SETA 1" --predefine="TM4C1294NCPDT SETA 1" --list=.\listings\main.lst 
main.s



ARM Macro Assembler    Page 1 Alphabetic symbol ordering
Relocatable symbols

.text 00000000

Symbol: .text
   Definitions
      At line 22 in file main.s
   Uses
      None
Comment: .text unused
Delay 00000032

Symbol: Delay
   Definitions
      At line 54 in file main.s
   Uses
      At line 31 in file main.s
      At line 56 in file main.s

GPIO_Init 00000038

Symbol: GPIO_Init
   Definitions
      At line 59 in file main.s
   Uses
      At line 27 in file main.s
Comment: GPIO_Init used once
Input 00000028

Symbol: Input
   Definitions
      At line 48 in file main.s
   Uses
      At line 32 in file main.s
Comment: Input used once
Loop 00000004

Symbol: Loop
   Definitions
      At line 29 in file main.s
   Uses
      At line 36 in file main.s
      At line 41 in file main.s

Output 00000022

Symbol: Output
   Definitions
      At line 43 in file main.s
   Uses
      At line 35 in file main.s
      At line 40 in file main.s

Switch_On 00000018

Symbol: Switch_On
   Definitions
      At line 38 in file main.s
   Uses
      At line 34 in file main.s
Comment: Switch_On used once



ARM Macro Assembler    Page 2 Alphabetic symbol ordering
Relocatable symbols

__main 00000000

Symbol: __main
   Definitions
      At line 26 in file main.s
   Uses
      At line 24 in file main.s
Comment: __main used once
8 symbols



ARM Macro Assembler    Page 1 Alphabetic symbol ordering
Absolute symbols

GPIOCR_PORTJ 40060524

Symbol: GPIOCR_PORTJ
   Definitions
      At line 9 in file main.s
   Uses
      At line 74 in file main.s
Comment: GPIOCR_PORTJ used once
GPIODATA_PORTJ 400603FC

Symbol: GPIODATA_PORTJ
   Definitions
      At line 19 in file main.s
   Uses
      At line 49 in file main.s
Comment: GPIODATA_PORTJ used once
GPIODATA_PORTN 400643FC

Symbol: GPIODATA_PORTN
   Definitions
      At line 5 in file main.s
   Uses
      At line 44 in file main.s
Comment: GPIODATA_PORTN used once
GPIODEN_PORTJ 4006051C

Symbol: GPIODEN_PORTJ
   Definitions
      At line 18 in file main.s
   Uses
      At line 93 in file main.s
Comment: GPIODEN_PORTJ used once
GPIODEN_PORTN 4006451C

Symbol: GPIODEN_PORTN
   Definitions
      At line 3 in file main.s
   Uses
      At line 88 in file main.s
Comment: GPIODEN_PORTN used once
GPIODIR_PORTJ 40060400

Symbol: GPIODIR_PORTJ
   Definitions
      At line 17 in file main.s
   Uses
      At line 83 in file main.s
Comment: GPIODIR_PORTJ used once
GPIODIR_PORTN 40064400

Symbol: GPIODIR_PORTN
   Definitions
      At line 2 in file main.s
   Uses
      At line 78 in file main.s
Comment: GPIODIR_PORTN used once
GPIOLOCK_PORTJ 40060520

Symbol: GPIOLOCK_PORTJ



ARM Macro Assembler    Page 2 Alphabetic symbol ordering
Absolute symbols

   Definitions
      At line 8 in file main.s
   Uses
      At line 70 in file main.s
Comment: GPIOLOCK_PORTJ used once
GPIOPUR_PORTJ 40060510

Symbol: GPIOPUR_PORTJ
   Definitions
      At line 7 in file main.s
   Uses
      At line 65 in file main.s
Comment: GPIOPUR_PORTJ used once
GPIO_LOCK_KEY 4C4F434B

Symbol: GPIO_LOCK_KEY
   Definitions
      At line 11 in file main.s
   Uses
      At line 71 in file main.s
Comment: GPIO_LOCK_KEY used once
LED0 00000002

Symbol: LED0
   Definitions
      At line 13 in file main.s
   Uses
      None
Comment: LED0 unused
LED1 00000001

Symbol: LED1
   Definitions
      At line 14 in file main.s
   Uses
      At line 39 in file main.s
Comment: LED1 used once
SEC_DIV_FIVE 001046AA

Symbol: SEC_DIV_FIVE
   Definitions
      At line 15 in file main.s
   Uses
      At line 30 in file main.s
Comment: SEC_DIV_FIVE used once
SYS_RCGCGPIO_PORT 400FE608

Symbol: SYS_RCGCGPIO_PORT
   Definitions
      At line 1 in file main.s
   Uses
      At line 60 in file main.s
Comment: SYS_RCGCGPIO_PORT used once
14 symbols
359 symbols in table
