


ARM Macro Assembler    Page 1 


    1 00000000         ; UART0 and UART2 ==> Virtual COM port
    2 00000000         ; JP4 and JP5 contols
    3 00000000         ; UART2 will be used 
    4 00000000         
    5 00000000         ; PD4 U2Rx
    6 00000000         ; PD5 U2Tx
    7 00000000         
    8 00000000         ;SYS CLOCK EN
    9 00000000 400FE000 
                       SYSCTRL_BASE
                               EQU              0x400FE000
   10 00000000 00000608 
                       RCGCGPIO_OFFSET
                               EQU              0x608
   11 00000000 00000618 
                       RCGCUART_OFFSET
                               EQU              0x618
   12 00000000 400FE608 
                       SYSCTRL_RCGCGPIO_R
                               EQU              SYSCTRL_BASE + RCGCGPIO_OFFSET
   13 00000000 400FE618 
                       SYSCTRL_RCGCUART_R
                               EQU              SYSCTRL_BASE + RCGCUART_OFFSET
   14 00000000         
   15 00000000         ;PORT D
   16 00000000 4005B000 
                       GPIOD_BASE
                               EQU              0x4005B000
   17 00000000 0000051C 
                       GPIOD_DEN_OFFSET
                               EQU              0x51C
   18 00000000 4005B51C 
                       GPIOD_DEN_R
                               EQU              GPIOD_BASE + GPIOD_DEN_OFFSET
   19 00000000         
   20 00000000 00000420 
                       GPIOD_AFSEL_OFFSET
                               EQU              0x420
   21 00000000 4005B420 
                       GPIOD_AFSEL_R
                               EQU              GPIOD_BASE + GPIOD_AFSEL_OFFSET
   22 00000000         
   23 00000000 0000052C 
                       GPIOD_PCTL_OFFSET
                               EQU              0x52C
   24 00000000 4005B52C 
                       GPIOD_PCTL_R
                               EQU              GPIOD_BASE + GPIOD_PCTL_OFFSET
   25 00000000         
   26 00000000         
   27 00000000 00000008 
                       GPIOD_EN
                               EQU              0x08        ;RCGCGPIO en
   28 00000000 00000004 
                       UART2_EN
                               EQU              0x04        ;RCGCUART en
   29 00000000         
   30 00000000         ;UART2
   31 00000000 4000E000 



ARM Macro Assembler    Page 2 


                       UART2_BASE
                               EQU              0x4000E000
   32 00000000 00000000 
                       UART2_DR_OFFSET
                               EQU              0x000
   33 00000000 4000E000 
                       UART2_DR_R
                               EQU              UART2_BASE + UART2_DR_OFFSET 
                                                            ;data register 
   34 00000000         
   35 00000000 00000018 
                       UART2_FR_OFFSET
                               EQU              0x018
   36 00000000 4000E018 
                       UART2_FR_R
                               EQU              UART2_BASE + UART2_FR_OFFSET 
                                                            ;flag register
   37 00000000         
   38 00000000 00000024 
                       UART2_IBRD_OFFSET
                               EQU              0x024
   39 00000000 4000E024 
                       UART2_IBRD_R
                               EQU              UART2_BASE + UART2_IBRD_OFFSET 
                                                            ;integer part of th
                                                            e baud-rate divisor
                                                             value
   40 00000000         
   41 00000000 00000028 
                       UART2_FBRD_OFFSET
                               EQU              0x028
   42 00000000 4000E028 
                       UART2_FBRD_R
                               EQU              UART2_BASE + UART2_FBRD_OFFSET 
                                                            ;fractional part of
                                                             the baud-rate divi
                                                            sor value
   43 00000000         
   44 00000000 0000002C 
                       UART2_LCTRL_OFFSET
                               EQU              0x02C
   45 00000000 4000E02C 
                       UART2_LCTRL_R
                               EQU              UART2_BASE + UART2_LCTRL_OFFSET
 
                                                            ;line control regis
                                                            ter
   46 00000000         
   47 00000000 00000030 
                       UART2_CTRL_OFFSET
                               EQU              0x030
   48 00000000 4000E030 
                       UART2_CTRL_R
                               EQU              UART2_BASE + UART2_CTRL_OFFSET 
                                                            ;uart control regis
                                                            ter
   49 00000000         
   50 00000000 00000034 
                       UART2_IFLS_OFFSET



ARM Macro Assembler    Page 3 


                               EQU              0x034
   51 00000000 4000E034 
                       UART2_IFLS_R
                               EQU              UART2_BASE + UART2_IFLS_OFFSET 
                                                            ;uart interrupt fif
                                                            o select register
   52 00000000         
   53 00000000 00000038 
                       UART2_IM_OFFSET
                               EQU              0x038
   54 00000000 4000E038 
                       UART2_IM_R
                               EQU              UART2_BASE + UART2_IM_OFFSET ;I
                                                            RQ mask set/clear r
                                                            egister
   55 00000000         
   56 00000000 0000003C 
                       UART2_RIS_OFFSET
                               EQU              0x03C
   57 00000000 4000E03C 
                       UART2_RIS_R
                               EQU              UART2_BASE + UART2_RIS_OFFSET ;
                                                            raw interrupt statu
                                                            s register
   58 00000000         
   59 00000000 00000044 
                       UART2_ICR_OFFSET
                               EQU              0x044
   60 00000000 4000E044 
                       UART2_ICR_R
                               EQU              UART2_BASE + UART2_ICR_OFFSET ;
                                                            interrupt clear reg
                                                            ister
   61 00000000         
   62 00000000         
   63 00000000         ;constants
   64 00000000 00000010 
                       UART_FR_RXFE
                               EQU              0x00000010  ;is recv fifo empty
                                                             FR register 4th bi
                                                            t
   65 00000000 00000060 
                       UART_LCTRL_WLEN_8
                               EQU              0x00000060  ;8 bit word size 0x
                                                            3<<5
   66 00000000 00000010 
                       UART_LCTRL_FEN
                               EQU              0x00000010  ;enable the uart fi
                                                            fo
   67 00000000 00000001 
                       UART_CTRL_UARTEN
                               EQU              0x00000001  ;enable UART
   68 00000000 00000040 
                       UART_IM_RTIM
                               EQU              0x00000040  ;recv uart fifo tim
                                                            eout
   69 00000000         
   70 00000000         ;
   71 00000000 0000000D 



ARM Macro Assembler    Page 4 


                       CR      EQU              0x0D        ;Carriage return
   72 00000000 00000008 
                       BS      EQU              0x08        ;backspace
   73 00000000 0000000A 
                       LF      EQU              0x0A        ;Line Feed
   74 00000000 0000001B 
                       ESC     EQU              0x1B        ;Escape
   75 00000000 00000020 
                       SPA     EQU              0x20        ;Space
   76 00000000 0000007F 
                       DEL     EQU              0x7F        ;Delete
   77 00000000         
   78 00000000         
   79 00000000         
   80 00000000                 AREA             |.text|, CODE, READONLY, ALIGN=
2
   81 00000000                 THUMB
   82 00000000                 ENTRY
   83 00000000                 EXPORT           __main
   84 00000000         
   85 00000000         
   86 00000000         __main
   87 00000000         
   88 00000000 F000 F819       BL               UART_Init
   89 00000004         
   90 00000004 F04F 0441       MOV              R4, #'A'
   91 00000008         
   92 00000008 4620    lp0     MOV              R0, R4
   93 0000000A F000 F854       BL               UART_WRITE
   94 0000000E F104 0401       ADD              R4, R4, #1
   95 00000012 2C5A            CMP              R4, #'Z'
   96 00000014 D9F8            BLS              lp0
   97 00000016 F000 F804       BL               newline
   98 0000001A F04F 0021       MOV              R0, #'!'
   99 0000001E F000 F84A       BL               UART_WRITE
  100 00000022         
  101 00000022         
  102 00000022         
  103 00000022         newline
  104 00000022 B500            PUSH             {LR}
  105 00000024         
  106 00000024 F04F 000D       MOV              R0, #CR
  107 00000028 F000 F845       BL               UART_WRITE
  108 0000002C F04F 000A       MOV              R0, #LF
  109 00000030 F000 F841       BL               UART_WRITE
  110 00000034         
  111 00000034 BD00            POP              {PC}
  112 00000036         
  113 00000036         UART_Init
  114 00000036         
  115 00000036 B500            PUSH             {LR}
  116 00000038         
  117 00000038         ;SYSCTL->RCGCUART |= UART2_EN;
  118 00000038 4923            LDR              R1, =SYSCTRL_RCGCUART_R
  119 0000003A 6808            LDR              R0, [R1]
  120 0000003C F040 0004       ORR              R0, #UART2_EN
  121 00000040 6008            STR              R0, [R1]
  122 00000042         
  123 00000042         ;SYSCTL->RCGCGPIO |= GPIOD_EN;



ARM Macro Assembler    Page 5 


  124 00000042 4922            LDR              R1, =SYSCTRL_RCGCGPIO_R
  125 00000044 6808            LDR              R0, [R1]
  126 00000046 F040 0008       ORR              R0, #GPIOD_EN
  127 0000004A 6008            STR              R0, [R1]
  128 0000004C         
  129 0000004C         ;set uart pin alternate func
  130 0000004C         ;GPIOD->AFSEL |= 0x30;
  131 0000004C 4920            LDR              R1, =GPIOD_AFSEL_R
  132 0000004E 6808            LDR              R0, [R1]
  133 00000050 F040 0030       ORR              R0, #0x30
  134 00000054 6008            STR              R0, [R1]
  135 00000056         
  136 00000056         ;Digitally enable 
  137 00000056         ;GPIOD->DEN   |= 0x30; PD4 and PD5
  138 00000056 491F            LDR              R1, =GPIOD_DEN_R
  139 00000058 6808            LDR              R0, [R1]
  140 0000005A F040 0030       ORR              R0, #0x30
  141 0000005E 6008            STR              R0, [R1]
  142 00000060         
  143 00000060         ;GPIOD->PCTL  &=~0x00FF0000 ; Clear bit 
  144 00000060         ;GPIOD->PCTL  &= 0x00110000 ; First functionality Uart2
  145 00000060 491D            LDR              R1, =GPIOD_PCTL_R
  146 00000062 6808            LDR              R0, [R1]
  147 00000064 F420 007F       BIC              R0, R0, #0x00FF0000
  148 00000068 F500 1088       ADD              R0, R0, #0x00110000
  149 0000006C 6008            STR              R0, [R1]
  150 0000006E         
  151 0000006E         
  152 0000006E         ;Disable the UART
  153 0000006E 491B            LDR              R1, =UART2_CTRL_R
  154 00000070 6808            LDR              R0, [R1]
  155 00000072 F020 0001       BIC              R0, R0, #UART_CTRL_UARTEN
  156 00000076 6008            STR              R0, [R1]
  157 00000078         
  158 00000078         ;Configure Baud-Rate
  159 00000078         ;16MHZ clk rate and baudrates 9600, 115200 etc
  160 00000078         ; 16M / (16 * 115200) = 8.6806
  161 00000078         ; BRD = BRDI + BRDF = UARTSysClk / (ClkDiv * Baud Rate)
  162 00000078 4919            LDR              R1, =UART2_IBRD_R
  163 0000007A 6808            LDR              R0, [R1]
  164 0000007C F04F 0008       MOV              R0, #8
  165 00000080 6008            STR              R0, [R1]
  166 00000082         ; Add fraction to the fraction register
  167 00000082         ; 0.6806 *64 + 0.5 = 44.0584
  168 00000082         ;UARTFBRD[DIVFRAC] = integer(BRDF * 64 + 0.5)
  169 00000082 4918            LDR              R1, =UART2_FBRD_R
  170 00000084 6808            LDR              R0, [R1]
  171 00000086 F04F 002C       MOV              R0, #44
  172 0000008A 6008            STR              R0, [R1]
  173 0000008C         
  174 0000008C         ;Word Lenght Configuration and FIFO enable
  175 0000008C 4916            LDR              R1, =UART2_LCTRL_R
  176 0000008E 6808            LDR              R0, [R1]
  177 00000090 F020 00FF       BIC              R0, R0, #0xFF ; clears
  178 00000094 F100 0070       ADD              R0, R0, #(UART_LCTRL_WLEN_8 + U
ART_LCTRL_FEN)
  179 00000098 6008            STR              R0, [R1]
  180 0000009A         
  181 0000009A         ;Enable the UART



ARM Macro Assembler    Page 6 


  182 0000009A 4910            LDR              R1, =UART2_CTRL_R
  183 0000009C 6808            LDR              R0, [R1]
  184 0000009E F040 0001       ORR              R0, R0, #UART_CTRL_UARTEN
  185 000000A2 6008            STR              R0, [R1]
  186 000000A4         
  187 000000A4 BD00            POP              {PC}
  188 000000A6         
  189 000000A6         UART_READ
  190 000000A6 4911            LDR              R1, =UART2_FR_R
  191 000000A8         
  192 000000A8 680A    lp1     LDR              R2, [R1]
  193 000000AA F012 0210       ANDS             R2, #0x0010 ;RXFE
  194 000000AE D1FB            BNE              lp1         ;FIFO is empty
  195 000000B0         
  196 000000B0 490F            LDR              R1, =UART2_DR_R
  197 000000B2 6808            LDR              R0, [R1]
  198 000000B4 4770            BX               LR
  199 000000B6         
  200 000000B6         UART_WRITE
  201 000000B6 490D            LDR              R1, =UART2_FR_R
  202 000000B8         
  203 000000B8 680A    lp2     LDR              R2, [R1]
  204 000000BA F012 0220       ANDS             R2, #0x0020 ;TXFE
  205 000000BE D1FB            BNE              lp2         ;FIFO is full
  206 000000C0         
  207 000000C0 490B            LDR              R1, =UART2_DR_R
  208 000000C2 6008            STR              R0, [R1]
  209 000000C4 4770            BX               LR
  210 000000C6         
  211 000000C6         
  212 000000C6 00 00           ALIGN
  213 000000C8                 END
              400FE618 
              400FE608 
              4005B420 
              4005B51C 
              4005B52C 
              4000E030 
              4000E024 
              4000E028 
              4000E02C 
              4000E018 
              4000E000 
Command Line: --debug --xref --diag_suppress=9931 --cpu=Cortex-M4.fp.sp --apcs=
interwork --depend=.\objects\main.d -o.\objects\main.o -I.\RTE\_tm4c1294 -IC:\U
sers\MYILMAZ\AppData\Local\Arm\Packs\ARM\CMSIS\5.7.0\CMSIS\Core\Include -IC:\Us
ers\MYILMAZ\AppData\Local\Arm\Packs\Keil\TM4C_DFP\1.1.0\Device\Include\TM4C129 
--predefine="__EVAL SETA 1" --predefine="__UVISION_VERSION SETA 534" --predefin
e="_RTE_ SETA 1" --predefine="TM4C1294NCPDT SETA 1" --predefine="_RTE_ SETA 1" 
--list=.\listings\main.lst main.s



ARM Macro Assembler    Page 1 Alphabetic symbol ordering
Relocatable symbols

.text 00000000

Symbol: .text
   Definitions
      At line 80 in file main.s
   Uses
      None
Comment: .text unused
UART_Init 00000036

Symbol: UART_Init
   Definitions
      At line 113 in file main.s
   Uses
      At line 88 in file main.s
Comment: UART_Init used once
UART_READ 000000A6

Symbol: UART_READ
   Definitions
      At line 189 in file main.s
   Uses
      None
Comment: UART_READ unused
UART_WRITE 000000B6

Symbol: UART_WRITE
   Definitions
      At line 200 in file main.s
   Uses
      At line 93 in file main.s
      At line 99 in file main.s
      At line 107 in file main.s
      At line 109 in file main.s

__main 00000000

Symbol: __main
   Definitions
      At line 86 in file main.s
   Uses
      At line 83 in file main.s
Comment: __main used once
lp0 00000008

Symbol: lp0
   Definitions
      At line 92 in file main.s
   Uses
      At line 96 in file main.s
Comment: lp0 used once
lp1 000000A8

Symbol: lp1
   Definitions
      At line 192 in file main.s
   Uses
      At line 194 in file main.s
Comment: lp1 used once



ARM Macro Assembler    Page 2 Alphabetic symbol ordering
Relocatable symbols

lp2 000000B8

Symbol: lp2
   Definitions
      At line 203 in file main.s
   Uses
      At line 205 in file main.s
Comment: lp2 used once
newline 00000022

Symbol: newline
   Definitions
      At line 103 in file main.s
   Uses
      At line 97 in file main.s
Comment: newline used once
9 symbols



ARM Macro Assembler    Page 1 Alphabetic symbol ordering
Absolute symbols

BS 00000008

Symbol: BS
   Definitions
      At line 72 in file main.s
   Uses
      None
Comment: BS unused
CR 0000000D

Symbol: CR
   Definitions
      At line 71 in file main.s
   Uses
      At line 106 in file main.s
Comment: CR used once
DEL 0000007F

Symbol: DEL
   Definitions
      At line 76 in file main.s
   Uses
      None
Comment: DEL unused
ESC 0000001B

Symbol: ESC
   Definitions
      At line 74 in file main.s
   Uses
      None
Comment: ESC unused
GPIOD_AFSEL_OFFSET 00000420

Symbol: GPIOD_AFSEL_OFFSET
   Definitions
      At line 20 in file main.s
   Uses
      At line 21 in file main.s
Comment: GPIOD_AFSEL_OFFSET used once
GPIOD_AFSEL_R 4005B420

Symbol: GPIOD_AFSEL_R
   Definitions
      At line 21 in file main.s
   Uses
      At line 131 in file main.s
Comment: GPIOD_AFSEL_R used once
GPIOD_BASE 4005B000

Symbol: GPIOD_BASE
   Definitions
      At line 16 in file main.s
   Uses
      At line 18 in file main.s
      At line 21 in file main.s
      At line 24 in file main.s

GPIOD_DEN_OFFSET 0000051C



ARM Macro Assembler    Page 2 Alphabetic symbol ordering
Absolute symbols


Symbol: GPIOD_DEN_OFFSET
   Definitions
      At line 17 in file main.s
   Uses
      At line 18 in file main.s
Comment: GPIOD_DEN_OFFSET used once
GPIOD_DEN_R 4005B51C

Symbol: GPIOD_DEN_R
   Definitions
      At line 18 in file main.s
   Uses
      At line 138 in file main.s
Comment: GPIOD_DEN_R used once
GPIOD_EN 00000008

Symbol: GPIOD_EN
   Definitions
      At line 27 in file main.s
   Uses
      At line 126 in file main.s
Comment: GPIOD_EN used once
GPIOD_PCTL_OFFSET 0000052C

Symbol: GPIOD_PCTL_OFFSET
   Definitions
      At line 23 in file main.s
   Uses
      At line 24 in file main.s
Comment: GPIOD_PCTL_OFFSET used once
GPIOD_PCTL_R 4005B52C

Symbol: GPIOD_PCTL_R
   Definitions
      At line 24 in file main.s
   Uses
      At line 145 in file main.s
Comment: GPIOD_PCTL_R used once
LF 0000000A

Symbol: LF
   Definitions
      At line 73 in file main.s
   Uses
      At line 108 in file main.s
Comment: LF used once
RCGCGPIO_OFFSET 00000608

Symbol: RCGCGPIO_OFFSET
   Definitions
      At line 10 in file main.s
   Uses
      At line 12 in file main.s
Comment: RCGCGPIO_OFFSET used once
RCGCUART_OFFSET 00000618

Symbol: RCGCUART_OFFSET
   Definitions



ARM Macro Assembler    Page 3 Alphabetic symbol ordering
Absolute symbols

      At line 11 in file main.s
   Uses
      At line 13 in file main.s
Comment: RCGCUART_OFFSET used once
SPA 00000020

Symbol: SPA
   Definitions
      At line 75 in file main.s
   Uses
      None
Comment: SPA unused
SYSCTRL_BASE 400FE000

Symbol: SYSCTRL_BASE
   Definitions
      At line 9 in file main.s
   Uses
      At line 12 in file main.s
      At line 13 in file main.s

SYSCTRL_RCGCGPIO_R 400FE608

Symbol: SYSCTRL_RCGCGPIO_R
   Definitions
      At line 12 in file main.s
   Uses
      At line 124 in file main.s
Comment: SYSCTRL_RCGCGPIO_R used once
SYSCTRL_RCGCUART_R 400FE618

Symbol: SYSCTRL_RCGCUART_R
   Definitions
      At line 13 in file main.s
   Uses
      At line 118 in file main.s
Comment: SYSCTRL_RCGCUART_R used once
UART2_BASE 4000E000

Symbol: UART2_BASE
   Definitions
      At line 31 in file main.s
   Uses
      At line 33 in file main.s
      At line 36 in file main.s
      At line 39 in file main.s
      At line 42 in file main.s
      At line 45 in file main.s
      At line 48 in file main.s
      At line 51 in file main.s
      At line 54 in file main.s
      At line 57 in file main.s
      At line 60 in file main.s

UART2_CTRL_OFFSET 00000030

Symbol: UART2_CTRL_OFFSET
   Definitions
      At line 47 in file main.s



ARM Macro Assembler    Page 4 Alphabetic symbol ordering
Absolute symbols

   Uses
      At line 48 in file main.s
Comment: UART2_CTRL_OFFSET used once
UART2_CTRL_R 4000E030

Symbol: UART2_CTRL_R
   Definitions
      At line 48 in file main.s
   Uses
      At line 153 in file main.s
      At line 182 in file main.s

UART2_DR_OFFSET 00000000

Symbol: UART2_DR_OFFSET
   Definitions
      At line 32 in file main.s
   Uses
      At line 33 in file main.s
Comment: UART2_DR_OFFSET used once
UART2_DR_R 4000E000

Symbol: UART2_DR_R
   Definitions
      At line 33 in file main.s
   Uses
      At line 196 in file main.s
      At line 207 in file main.s

UART2_EN 00000004

Symbol: UART2_EN
   Definitions
      At line 28 in file main.s
   Uses
      At line 120 in file main.s
Comment: UART2_EN used once
UART2_FBRD_OFFSET 00000028

Symbol: UART2_FBRD_OFFSET
   Definitions
      At line 41 in file main.s
   Uses
      At line 42 in file main.s
Comment: UART2_FBRD_OFFSET used once
UART2_FBRD_R 4000E028

Symbol: UART2_FBRD_R
   Definitions
      At line 42 in file main.s
   Uses
      At line 169 in file main.s
Comment: UART2_FBRD_R used once
UART2_FR_OFFSET 00000018

Symbol: UART2_FR_OFFSET
   Definitions
      At line 35 in file main.s
   Uses



ARM Macro Assembler    Page 5 Alphabetic symbol ordering
Absolute symbols

      At line 36 in file main.s
Comment: UART2_FR_OFFSET used once
UART2_FR_R 4000E018

Symbol: UART2_FR_R
   Definitions
      At line 36 in file main.s
   Uses
      At line 190 in file main.s
      At line 201 in file main.s

UART2_IBRD_OFFSET 00000024

Symbol: UART2_IBRD_OFFSET
   Definitions
      At line 38 in file main.s
   Uses
      At line 39 in file main.s
Comment: UART2_IBRD_OFFSET used once
UART2_IBRD_R 4000E024

Symbol: UART2_IBRD_R
   Definitions
      At line 39 in file main.s
   Uses
      At line 162 in file main.s
Comment: UART2_IBRD_R used once
UART2_ICR_OFFSET 00000044

Symbol: UART2_ICR_OFFSET
   Definitions
      At line 59 in file main.s
   Uses
      At line 60 in file main.s
Comment: UART2_ICR_OFFSET used once
UART2_ICR_R 4000E044

Symbol: UART2_ICR_R
   Definitions
      At line 60 in file main.s
   Uses
      None
Comment: UART2_ICR_R unused
UART2_IFLS_OFFSET 00000034

Symbol: UART2_IFLS_OFFSET
   Definitions
      At line 50 in file main.s
   Uses
      At line 51 in file main.s
Comment: UART2_IFLS_OFFSET used once
UART2_IFLS_R 4000E034

Symbol: UART2_IFLS_R
   Definitions
      At line 51 in file main.s
   Uses
      None
Comment: UART2_IFLS_R unused



ARM Macro Assembler    Page 6 Alphabetic symbol ordering
Absolute symbols

UART2_IM_OFFSET 00000038

Symbol: UART2_IM_OFFSET
   Definitions
      At line 53 in file main.s
   Uses
      At line 54 in file main.s
Comment: UART2_IM_OFFSET used once
UART2_IM_R 4000E038

Symbol: UART2_IM_R
   Definitions
      At line 54 in file main.s
   Uses
      None
Comment: UART2_IM_R unused
UART2_LCTRL_OFFSET 0000002C

Symbol: UART2_LCTRL_OFFSET
   Definitions
      At line 44 in file main.s
   Uses
      At line 45 in file main.s
Comment: UART2_LCTRL_OFFSET used once
UART2_LCTRL_R 4000E02C

Symbol: UART2_LCTRL_R
   Definitions
      At line 45 in file main.s
   Uses
      At line 175 in file main.s
Comment: UART2_LCTRL_R used once
UART2_RIS_OFFSET 0000003C

Symbol: UART2_RIS_OFFSET
   Definitions
      At line 56 in file main.s
   Uses
      At line 57 in file main.s
Comment: UART2_RIS_OFFSET used once
UART2_RIS_R 4000E03C

Symbol: UART2_RIS_R
   Definitions
      At line 57 in file main.s
   Uses
      None
Comment: UART2_RIS_R unused
UART_CTRL_UARTEN 00000001

Symbol: UART_CTRL_UARTEN
   Definitions
      At line 67 in file main.s
   Uses
      At line 155 in file main.s
      At line 184 in file main.s

UART_FR_RXFE 00000010




ARM Macro Assembler    Page 7 Alphabetic symbol ordering
Absolute symbols

Symbol: UART_FR_RXFE
   Definitions
      At line 64 in file main.s
   Uses
      None
Comment: UART_FR_RXFE unused
UART_IM_RTIM 00000040

Symbol: UART_IM_RTIM
   Definitions
      At line 68 in file main.s
   Uses
      None
Comment: UART_IM_RTIM unused
UART_LCTRL_FEN 00000010

Symbol: UART_LCTRL_FEN
   Definitions
      At line 66 in file main.s
   Uses
      At line 178 in file main.s
Comment: UART_LCTRL_FEN used once
UART_LCTRL_WLEN_8 00000060

Symbol: UART_LCTRL_WLEN_8
   Definitions
      At line 65 in file main.s
   Uses
      At line 178 in file main.s
Comment: UART_LCTRL_WLEN_8 used once
46 symbols
392 symbols in table
